<?xml version="1.0" encoding="UTF-8"?>
<testng-results skipped="0" failed="0" ignored="0" total="1" passed="1">
  <reporter-output>
  </reporter-output>
  <suite name="Default suite" duration-ms="121248" started-at="2023-03-27T21:42:46 IST" finished-at="2023-03-27T21:44:47 IST">
    <groups>
    </groups>
    <test name="Default test" duration-ms="121248" started-at="2023-03-27T21:42:46 IST" finished-at="2023-03-27T21:44:47 IST">
      <class name="org.Checkurl.Launch_Url">
        <test-method status="PASS" signature="launch_Url()[pri:0, instance:org.Checkurl.Launch_Url@c267ef4]" name="launch_Url" duration-ms="119818" started-at="2023-03-27T21:42:46 IST" finished-at="2023-03-27T21:44:46 IST">
          <reporter-output>
          </reporter-output>
        </test-method> <!-- launch_Url -->
      </class> <!-- org.Checkurl.Launch_Url -->
    </test> <!-- Default test -->
  </suite> <!-- Default suite -->
</testng-results>
